#
# There is insufficient memory for the Java Runtime Environment to continue.
# Native memory allocation (mmap) failed to map 65536 bytes for Failed to commit metaspace.
# Possible reasons:
#   The system is out of physical RAM or swap space
#   The process is running with CompressedOops enabled, and the Java Heap may be blocking the growth of the native heap
# Possible solutions:
#   Reduce memory load on the system
#   Increase physical memory or swap space
#   Check if swap backing store is full
#   Decrease Java heap size (-Xmx/-Xms)
#   Decrease number of Java threads
#   Decrease Java thread stack sizes (-Xss)
#   Set larger code cache with -XX:ReservedCodeCacheSize=
#   JVM is running with Zero Based Compressed Oops mode in which the Java heap is
#     placed in the first 32GB address space. The Java Heap base address is the
#     maximum limit for the native heap growth. Please use -XX:HeapBaseMinAddress
#     to set the Java Heap base and to place the Java Heap above 32GB virtual address.
# This output file may be truncated or incomplete.
#
#  Out of Memory Error (virtualSpaceNode.cpp:110), pid=18368, tid=10200
#
# JRE version: OpenJDK Runtime Environment (20.0+36) (build 20+36-2344)
# Java VM: OpenJDK 64-Bit Server VM (20+36-2344, mixed mode, emulated-client, tiered, compressed oops, compressed class ptrs, g1 gc, windows-amd64)
# No core dump will be written. Minidumps are not enabled by default on client versions of Windows
#

---------------  S U M M A R Y ------------

Command Line: -XX:TieredStopAtLevel=1 com.foldermaster.resth2webapp.RestH2WebApplication

Host: AMD Ryzen 3 5300U with Radeon Graphics         , 8 cores, 9G,  Windows 10 , 64 bit Build 19041 (10.0.19041.2546)
Time: Mon Mar 27 22:27:17 2023  Windows 10 , 64 bit Build 19041 (10.0.19041.2546) elapsed time: 0.316001 seconds (0d 0h 0m 0s)

---------------  T H R E A D  ---------------

Current thread (0x0000022a3ae14ea0):  JavaThread "main" [_thread_in_vm, id=10200, stack(0x000000305b400000,0x000000305b500000)]

Stack: [0x000000305b400000,0x000000305b500000]
Native frames: (J=compiled Java code, j=interpreted, Vv=VM code, C=native code)
V  [jvm.dll+0x6bb95a]
V  [jvm.dll+0x8483aa]
V  [jvm.dll+0x849fa5]
V  [jvm.dll+0x84a6a3]
V  [jvm.dll+0x280b0f]
V  [jvm.dll+0x8442eb]
V  [jvm.dll+0x65fd86]
V  [jvm.dll+0x65fdea]
V  [jvm.dll+0x6626c3]
V  [jvm.dll+0x66258e]
V  [jvm.dll+0x66079e]
V  [jvm.dll+0x66ae17]
V  [jvm.dll+0x21b442]
V  [jvm.dll+0x21b975]
V  [jvm.dll+0x21c361]
V  [jvm.dll+0x211780]
V  [jvm.dll+0x59c26c]
V  [jvm.dll+0x222d6a]
V  [jvm.dll+0x7c2aa4]
V  [jvm.dll+0x7c3ba9]
V  [jvm.dll+0x7c414f]
V  [jvm.dll+0x7c3df8]
V  [jvm.dll+0x27024b]
V  [jvm.dll+0x27046f]
V  [jvm.dll+0x5bdc98]
V  [jvm.dll+0x5c0bf7]
V  [jvm.dll+0x3dc020]
V  [jvm.dll+0x3db65f]
C  0x0000022a42efd3f5

Java frames: (J=compiled Java code, j=interpreted, Vv=VM code)
j  sun.nio.cs.StreamDecoder.implRead([CII)I+26 java.base@20
j  sun.nio.cs.StreamDecoder.lockedRead([CII)I+158 java.base@20
j  sun.nio.cs.StreamDecoder.read([CII)I+30 java.base@20
j  java.io.InputStreamReader.read([CII)I+7 java.base@20
j  java.io.BufferedReader.fill()V+145 java.base@20
j  java.io.BufferedReader.implReadLine(Z[Z)Ljava/lang/String;+44 java.base@20
j  java.io.BufferedReader.readLine(Z[Z)Ljava/lang/String;+26 java.base@20
j  java.io.BufferedReader.readLine()Ljava/lang/String;+3 java.base@20
j  java.util.ServiceLoader$LazyClassPathLookupIterator.parseLine(Ljava/net/URL;Ljava/io/BufferedReader;ILjava/util/Set;)I+1 java.base@20
j  java.util.ServiceLoader$LazyClassPathLookupIterator.parse(Ljava/net/URL;)Ljava/util/Iterator;+55 java.base@20
j  java.util.ServiceLoader$LazyClassPathLookupIterator.nextProviderClass()Ljava/lang/Class;+176 java.base@20
j  java.util.ServiceLoader$LazyClassPathLookupIterator.hasNextService()Z+15 java.base@20
j  java.util.ServiceLoader$LazyClassPathLookupIterator.hasNext()Z+11 java.base@20
j  java.util.ServiceLoader$2.hasNext()Z+16 java.base@20
j  java.util.ServiceLoader$3.hasNext()Z+32 java.base@20
j  org.slf4j.LoggerFactory.findServiceProviders()Ljava/util/List;+25
j  org.slf4j.LoggerFactory.bind()V+0
j  org.slf4j.LoggerFactory.performInitialization()V+0
j  org.slf4j.LoggerFactory.getProvider()Lorg/slf4j/spi/SLF4JServiceProvider;+21
j  org.slf4j.LoggerFactory.getILoggerFactory()Lorg/slf4j/ILoggerFactory;+0
j  org.slf4j.LoggerFactory.getLogger(Ljava/lang/String;)Lorg/slf4j/Logger;+0
j  org.apache.commons.logging.LogAdapter$Slf4jAdapter.createLocationAwareLog(Ljava/lang/String;)Lorg/apache/commons/logging/Log;+1
j  org.apache.commons.logging.LogAdapter$$Lambda$1+0x0000000800005a00.apply(Ljava/lang/Object;)Ljava/lang/Object;+4
j  org.apache.commons.logging.LogAdapter.createLog(Ljava/lang/String;)Lorg/apache/commons/logging/Log;+4
j  org.apache.commons.logging.LogFactory.getLog(Ljava/lang/String;)Lorg/apache/commons/logging/Log;+1
j  org.apache.commons.logging.LogFactory.getLog(Ljava/lang/Class;)Lorg/apache/commons/logging/Log;+4
j  org.springframework.boot.SpringApplication.<clinit>()V+2
v  ~StubRoutines::call_stub 0x0000022a42ed100d
j  com.foldermaster.resth2webapp.RestH2WebApplication.main([Ljava/lang/String;)V+3
v  ~StubRoutines::call_stub 0x0000022a42ed100d

---------------  P R O C E S S  ---------------

Threads class SMR info:
_java_thread_list=0x0000022a4c097160, length=12, elements={
0x0000022a3ae14ea0, 0x0000022a5041b830, 0x0000022a5041c430, 0x0000022a504356f0,
0x0000022a50437040, 0x0000022a50439990, 0x0000022a5043a2d0, 0x0000022a5041eab0,
0x0000022a505899e0, 0x0000022a5058d7a0, 0x0000022a5059dff0, 0x0000022a505b31e0
}

Java Threads: ( => current thread )
=>0x0000022a3ae14ea0 JavaThread "main" [_thread_in_vm, id=10200, stack(0x000000305b400000,0x000000305b500000)]
  0x0000022a5041b830 JavaThread "Reference Handler" daemon [_thread_blocked, id=9692, stack(0x000000305bb00000,0x000000305bc00000)]
  0x0000022a5041c430 JavaThread "Finalizer" daemon [_thread_blocked, id=7660, stack(0x000000305bc00000,0x000000305bd00000)]
  0x0000022a504356f0 JavaThread "Signal Dispatcher" daemon [_thread_blocked, id=21800, stack(0x000000305bd00000,0x000000305be00000)]
  0x0000022a50437040 JavaThread "Attach Listener" daemon [_thread_blocked, id=13852, stack(0x000000305be00000,0x000000305bf00000)]
  0x0000022a50439990 JavaThread "Service Thread" daemon [_thread_blocked, id=10120, stack(0x000000305bf00000,0x000000305c000000)]
  0x0000022a5043a2d0 JavaThread "Monitor Deflation Thread" daemon [_thread_blocked, id=19084, stack(0x000000305c000000,0x000000305c100000)]
  0x0000022a5041eab0 JavaThread "C1 CompilerThread0" daemon [_thread_blocked, id=6160, stack(0x000000305c100000,0x000000305c200000)]
  0x0000022a505899e0 JavaThread "C1 CompilerThread1" daemon [_thread_blocked, id=7868, stack(0x000000305c200000,0x000000305c300000)]
  0x0000022a5058d7a0 JavaThread "C1 CompilerThread2" daemon [_thread_blocked, id=6436, stack(0x000000305c300000,0x000000305c400000)]
  0x0000022a5059dff0 JavaThread "Notification Thread" daemon [_thread_blocked, id=11296, stack(0x000000305c400000,0x000000305c500000)]
  0x0000022a505b31e0 JavaThread "Common-Cleaner" daemon [_thread_blocked, id=20680, stack(0x000000305c600000,0x000000305c700000)]

Other Threads:
  0x0000022a4c05d4d0 VMThread "VM Thread" [stack: 0x000000305ba00000,0x000000305bb00000] [id=20652]
  0x0000022a5059ed60 WatcherThread "VM Periodic Task Thread" [stack: 0x000000305c500000,0x000000305c600000] [id=15988]
  0x0000022a3ae66db0 WorkerThread "GC Thread#0" [stack: 0x000000305b500000,0x000000305b600000] [id=7072]
  0x0000022a3ae71c30 ConcurrentGCThread "G1 Main Marker" [stack: 0x000000305b600000,0x000000305b700000] [id=12936]
  0x0000022a3ae72e00 WorkerThread "G1 Conc#0" [stack: 0x000000305b700000,0x000000305b800000] [id=6488]
  0x0000022a3aedd4d0 ConcurrentGCThread "G1 Refine#0" [stack: 0x000000305b800000,0x000000305b900000] [id=6240]
  0x0000022a4bec20a0 ConcurrentGCThread "G1 Service" [stack: 0x000000305b900000,0x000000305ba00000] [id=7928]

Threads with active compile tasks:

VM state: not at safepoint (normal execution)

VM Mutex/Monitor currently owned by a thread:  ([mutex/lock_event])
[0x0000022a3ae0e820] Metaspace_lock - owner thread: 0x0000022a3ae14ea0

Heap address: 0x0000000762200000, size: 2526 MB, Compressed Oops mode: Zero based, Oop shift amount: 3

CDS archive(s) not mapped
Compressed class space mapped at: 0x0000000800000000-0x0000000840000000, reserved size: 1073741824
Narrow klass base: 0x0000000800000000, Narrow klass shift: 0, Narrow klass range: 0x40000000

GC Precious Log:
 CardTable entry size: 512
 Card Set container configuration: InlinePtr #cards 4 size 8 Array Of Cards #cards 16 size 48 Howl #buckets 8 coarsen threshold 3686 Howl Bitmap #cards 512 size 80 coarsen threshold 460 Card regions per heap region 1 cards per card region 4096
 CPUs: 8 total, 8 available
 Memory: 10101M
 Large Page Support: Disabled
 NUMA Support: Disabled
 Compressed Oops: Enabled (Zero based)
 Heap Region Size: 2M
 Heap Min Capacity: 8M
 Heap Initial Capacity: 158M
 Heap Max Capacity: 2526M
 Pre-touch: Disabled
 Parallel Workers: 8
 Concurrent Workers: 2
 Concurrent Refinement Workers: 8
 Periodic GC: Disabled

Heap:
 garbage-first heap   total 161792K, used 8192K [0x0000000762200000, 0x0000000800000000)
  region size 2048K, 5 young (10240K), 0 survivors (0K)
 Metaspace       used 7101K, committed 7296K, reserved 1114112K
  class space    used 584K, committed 704K, reserved 1048576K

Heap Regions: E=young(eden), S=young(survivor), O=old, HS=humongous(starts), HC=humongous(continues), CS=collection set, F=free, OA=open archive, CA=closed archive, TAMS=top-at-mark-start, PB=parsable bottom
|   0|0x0000000762200000, 0x0000000762200000, 0x0000000762400000|  0%| F|  |TAMS 0x0000000762200000| PB 0x0000000762200000| Untracked 
|   1|0x0000000762400000, 0x0000000762400000, 0x0000000762600000|  0%| F|  |TAMS 0x0000000762400000| PB 0x0000000762400000| Untracked 
|   2|0x0000000762600000, 0x0000000762600000, 0x0000000762800000|  0%| F|  |TAMS 0x0000000762600000| PB 0x0000000762600000| Untracked 
|   3|0x0000000762800000, 0x0000000762800000, 0x0000000762a00000|  0%| F|  |TAMS 0x0000000762800000| PB 0x0000000762800000| Untracked 
|   4|0x0000000762a00000, 0x0000000762a00000, 0x0000000762c00000|  0%| F|  |TAMS 0x0000000762a00000| PB 0x0000000762a00000| Untracked 
|   5|0x0000000762c00000, 0x0000000762c00000, 0x0000000762e00000|  0%| F|  |TAMS 0x0000000762c00000| PB 0x0000000762c00000| Untracked 
|   6|0x0000000762e00000, 0x0000000762e00000, 0x0000000763000000|  0%| F|  |TAMS 0x0000000762e00000| PB 0x0000000762e00000| Untracked 
|   7|0x0000000763000000, 0x0000000763000000, 0x0000000763200000|  0%| F|  |TAMS 0x0000000763000000| PB 0x0000000763000000| Untracked 
|   8|0x0000000763200000, 0x0000000763200000, 0x0000000763400000|  0%| F|  |TAMS 0x0000000763200000| PB 0x0000000763200000| Untracked 
|   9|0x0000000763400000, 0x0000000763400000, 0x0000000763600000|  0%| F|  |TAMS 0x0000000763400000| PB 0x0000000763400000| Untracked 
|  10|0x0000000763600000, 0x0000000763600000, 0x0000000763800000|  0%| F|  |TAMS 0x0000000763600000| PB 0x0000000763600000| Untracked 
|  11|0x0000000763800000, 0x0000000763800000, 0x0000000763a00000|  0%| F|  |TAMS 0x0000000763800000| PB 0x0000000763800000| Untracked 
|  12|0x0000000763a00000, 0x0000000763a00000, 0x0000000763c00000|  0%| F|  |TAMS 0x0000000763a00000| PB 0x0000000763a00000| Untracked 
|  13|0x0000000763c00000, 0x0000000763c00000, 0x0000000763e00000|  0%| F|  |TAMS 0x0000000763c00000| PB 0x0000000763c00000| Untracked 
|  14|0x0000000763e00000, 0x0000000763e00000, 0x0000000764000000|  0%| F|  |TAMS 0x0000000763e00000| PB 0x0000000763e00000| Untracked 
|  15|0x0000000764000000, 0x0000000764000000, 0x0000000764200000|  0%| F|  |TAMS 0x0000000764000000| PB 0x0000000764000000| Untracked 
|  16|0x0000000764200000, 0x0000000764200000, 0x0000000764400000|  0%| F|  |TAMS 0x0000000764200000| PB 0x0000000764200000| Untracked 
|  17|0x0000000764400000, 0x0000000764400000, 0x0000000764600000|  0%| F|  |TAMS 0x0000000764400000| PB 0x0000000764400000| Untracked 
|  18|0x0000000764600000, 0x0000000764600000, 0x0000000764800000|  0%| F|  |TAMS 0x0000000764600000| PB 0x0000000764600000| Untracked 
|  19|0x0000000764800000, 0x0000000764800000, 0x0000000764a00000|  0%| F|  |TAMS 0x0000000764800000| PB 0x0000000764800000| Untracked 
|  20|0x0000000764a00000, 0x0000000764a00000, 0x0000000764c00000|  0%| F|  |TAMS 0x0000000764a00000| PB 0x0000000764a00000| Untracked 
|  21|0x0000000764c00000, 0x0000000764c00000, 0x0000000764e00000|  0%| F|  |TAMS 0x0000000764c00000| PB 0x0000000764c00000| Untracked 
|  22|0x0000000764e00000, 0x0000000764e00000, 0x0000000765000000|  0%| F|  |TAMS 0x0000000764e00000| PB 0x0000000764e00000| Untracked 
|  23|0x0000000765000000, 0x0000000765000000, 0x0000000765200000|  0%| F|  |TAMS 0x0000000765000000| PB 0x0000000765000000| Untracked 
|  24|0x0000000765200000, 0x0000000765200000, 0x0000000765400000|  0%| F|  |TAMS 0x0000000765200000| PB 0x0000000765200000| Untracked 
|  25|0x0000000765400000, 0x0000000765400000, 0x0000000765600000|  0%| F|  |TAMS 0x0000000765400000| PB 0x0000000765400000| Untracked 
|  26|0x0000000765600000, 0x0000000765600000, 0x0000000765800000|  0%| F|  |TAMS 0x0000000765600000| PB 0x0000000765600000| Untracked 
|  27|0x0000000765800000, 0x0000000765800000, 0x0000000765a00000|  0%| F|  |TAMS 0x0000000765800000| PB 0x0000000765800000| Untracked 
|  28|0x0000000765a00000, 0x0000000765a00000, 0x0000000765c00000|  0%| F|  |TAMS 0x0000000765a00000| PB 0x0000000765a00000| Untracked 
|  29|0x0000000765c00000, 0x0000000765c00000, 0x0000000765e00000|  0%| F|  |TAMS 0x0000000765c00000| PB 0x0000000765c00000| Untracked 
|  30|0x0000000765e00000, 0x0000000765e00000, 0x0000000766000000|  0%| F|  |TAMS 0x0000000765e00000| PB 0x0000000765e00000| Untracked 
|  31|0x0000000766000000, 0x0000000766000000, 0x0000000766200000|  0%| F|  |TAMS 0x0000000766000000| PB 0x0000000766000000| Untracked 
|  32|0x0000000766200000, 0x0000000766200000, 0x0000000766400000|  0%| F|  |TAMS 0x0000000766200000| PB 0x0000000766200000| Untracked 
|  33|0x0000000766400000, 0x0000000766400000, 0x0000000766600000|  0%| F|  |TAMS 0x0000000766400000| PB 0x0000000766400000| Untracked 
|  34|0x0000000766600000, 0x0000000766600000, 0x0000000766800000|  0%| F|  |TAMS 0x0000000766600000| PB 0x0000000766600000| Untracked 
|  35|0x0000000766800000, 0x0000000766800000, 0x0000000766a00000|  0%| F|  |TAMS 0x0000000766800000| PB 0x0000000766800000| Untracked 
|  36|0x0000000766a00000, 0x0000000766a00000, 0x0000000766c00000|  0%| F|  |TAMS 0x0000000766a00000| PB 0x0000000766a00000| Untracked 
|  37|0x0000000766c00000, 0x0000000766c00000, 0x0000000766e00000|  0%| F|  |TAMS 0x0000000766c00000| PB 0x0000000766c00000| Untracked 
|  38|0x0000000766e00000, 0x0000000766e00000, 0x0000000767000000|  0%| F|  |TAMS 0x0000000766e00000| PB 0x0000000766e00000| Untracked 
|  39|0x0000000767000000, 0x0000000767000000, 0x0000000767200000|  0%| F|  |TAMS 0x0000000767000000| PB 0x0000000767000000| Untracked 
|  40|0x0000000767200000, 0x0000000767200000, 0x0000000767400000|  0%| F|  |TAMS 0x0000000767200000| PB 0x0000000767200000| Untracked 
|  41|0x0000000767400000, 0x0000000767400000, 0x0000000767600000|  0%| F|  |TAMS 0x0000000767400000| PB 0x0000000767400000| Untracked 
|  42|0x0000000767600000, 0x0000000767600000, 0x0000000767800000|  0%| F|  |TAMS 0x0000000767600000| PB 0x0000000767600000| Untracked 
|  43|0x0000000767800000, 0x0000000767800000, 0x0000000767a00000|  0%| F|  |TAMS 0x0000000767800000| PB 0x0000000767800000| Untracked 
|  44|0x0000000767a00000, 0x0000000767a00000, 0x0000000767c00000|  0%| F|  |TAMS 0x0000000767a00000| PB 0x0000000767a00000| Untracked 
|  45|0x0000000767c00000, 0x0000000767c00000, 0x0000000767e00000|  0%| F|  |TAMS 0x0000000767c00000| PB 0x0000000767c00000| Untracked 
|  46|0x0000000767e00000, 0x0000000767e00000, 0x0000000768000000|  0%| F|  |TAMS 0x0000000767e00000| PB 0x0000000767e00000| Untracked 
|  47|0x0000000768000000, 0x0000000768000000, 0x0000000768200000|  0%| F|  |TAMS 0x0000000768000000| PB 0x0000000768000000| Untracked 
|  48|0x0000000768200000, 0x0000000768200000, 0x0000000768400000|  0%| F|  |TAMS 0x0000000768200000| PB 0x0000000768200000| Untracked 
|  49|0x0000000768400000, 0x0000000768400000, 0x0000000768600000|  0%| F|  |TAMS 0x0000000768400000| PB 0x0000000768400000| Untracked 
|  50|0x0000000768600000, 0x0000000768600000, 0x0000000768800000|  0%| F|  |TAMS 0x0000000768600000| PB 0x0000000768600000| Untracked 
|  51|0x0000000768800000, 0x0000000768800000, 0x0000000768a00000|  0%| F|  |TAMS 0x0000000768800000| PB 0x0000000768800000| Untracked 
|  52|0x0000000768a00000, 0x0000000768a00000, 0x0000000768c00000|  0%| F|  |TAMS 0x0000000768a00000| PB 0x0000000768a00000| Untracked 
|  53|0x0000000768c00000, 0x0000000768c00000, 0x0000000768e00000|  0%| F|  |TAMS 0x0000000768c00000| PB 0x0000000768c00000| Untracked 
|  54|0x0000000768e00000, 0x0000000768e00000, 0x0000000769000000|  0%| F|  |TAMS 0x0000000768e00000| PB 0x0000000768e00000| Untracked 
|  55|0x0000000769000000, 0x0000000769000000, 0x0000000769200000|  0%| F|  |TAMS 0x0000000769000000| PB 0x0000000769000000| Untracked 
|  56|0x0000000769200000, 0x0000000769200000, 0x0000000769400000|  0%| F|  |TAMS 0x0000000769200000| PB 0x0000000769200000| Untracked 
|  57|0x0000000769400000, 0x0000000769400000, 0x0000000769600000|  0%| F|  |TAMS 0x0000000769400000| PB 0x0000000769400000| Untracked 
|  58|0x0000000769600000, 0x0000000769600000, 0x0000000769800000|  0%| F|  |TAMS 0x0000000769600000| PB 0x0000000769600000| Untracked 
|  59|0x0000000769800000, 0x0000000769800000, 0x0000000769a00000|  0%| F|  |TAMS 0x0000000769800000| PB 0x0000000769800000| Untracked 
|  60|0x0000000769a00000, 0x0000000769a00000, 0x0000000769c00000|  0%| F|  |TAMS 0x0000000769a00000| PB 0x0000000769a00000| Untracked 
|  61|0x0000000769c00000, 0x0000000769c00000, 0x0000000769e00000|  0%| F|  |TAMS 0x0000000769c00000| PB 0x0000000769c00000| Untracked 
|  62|0x0000000769e00000, 0x0000000769e00000, 0x000000076a000000|  0%| F|  |TAMS 0x0000000769e00000| PB 0x0000000769e00000| Untracked 
|  63|0x000000076a000000, 0x000000076a000000, 0x000000076a200000|  0%| F|  |TAMS 0x000000076a000000| PB 0x000000076a000000| Untracked 
|  64|0x000000076a200000, 0x000000076a200000, 0x000000076a400000|  0%| F|  |TAMS 0x000000076a200000| PB 0x000000076a200000| Untracked 
|  65|0x000000076a400000, 0x000000076a400000, 0x000000076a600000|  0%| F|  |TAMS 0x000000076a400000| PB 0x000000076a400000| Untracked 
|  66|0x000000076a600000, 0x000000076a600000, 0x000000076a800000|  0%| F|  |TAMS 0x000000076a600000| PB 0x000000076a600000| Untracked 
|  67|0x000000076a800000, 0x000000076a800000, 0x000000076aa00000|  0%| F|  |TAMS 0x000000076a800000| PB 0x000000076a800000| Untracked 
|  68|0x000000076aa00000, 0x000000076aa00000, 0x000000076ac00000|  0%| F|  |TAMS 0x000000076aa00000| PB 0x000000076aa00000| Untracked 
|  69|0x000000076ac00000, 0x000000076ac00000, 0x000000076ae00000|  0%| F|  |TAMS 0x000000076ac00000| PB 0x000000076ac00000| Untracked 
|  70|0x000000076ae00000, 0x000000076ae00000, 0x000000076b000000|  0%| F|  |TAMS 0x000000076ae00000| PB 0x000000076ae00000| Untracked 
|  71|0x000000076b000000, 0x000000076b000000, 0x000000076b200000|  0%| F|  |TAMS 0x000000076b000000| PB 0x000000076b000000| Untracked 
|  72|0x000000076b200000, 0x000000076b200000, 0x000000076b400000|  0%| F|  |TAMS 0x000000076b200000| PB 0x000000076b200000| Untracked 
|  73|0x000000076b400000, 0x000000076b400000, 0x000000076b600000|  0%| F|  |TAMS 0x000000076b400000| PB 0x000000076b400000| Untracked 
|  74|0x000000076b600000, 0x000000076b6e5438, 0x000000076b800000| 44%| E|  |TAMS 0x000000076b600000| PB 0x000000076b600000| Complete 
|  75|0x000000076b800000, 0x000000076ba00000, 0x000000076ba00000|100%| E|CS|TAMS 0x000000076b800000| PB 0x000000076b800000| Complete 
|  76|0x000000076ba00000, 0x000000076bc00000, 0x000000076bc00000|100%| E|CS|TAMS 0x000000076ba00000| PB 0x000000076ba00000| Complete 
|  77|0x000000076bc00000, 0x000000076be00000, 0x000000076be00000|100%| E|CS|TAMS 0x000000076bc00000| PB 0x000000076bc00000| Complete 
|  78|0x000000076be00000, 0x000000076c000000, 0x000000076c000000|100%| E|CS|TAMS 0x000000076be00000| PB 0x000000076be00000| Complete 

Card table byte_map: [0x0000022a464d0000,0x0000022a469c0000] _byte_map_base: 0x0000022a429bf000

Marking Bits: (CMBitMap*) 0x0000022a3ae673e0
 Bits: [0x0000022a46eb0000, 0x0000022a49628000)

Polling page: 0x0000022a38da0000

Metaspace:

Usage:
  Non-class:      6.36 MB used.
      Class:    584.06 KB used.
       Both:      6.93 MB used.

Virtual space:
  Non-class space:       64.00 MB reserved,       6.44 MB ( 10%) committed,  1 nodes.
      Class space:        1.00 GB reserved,     704.00 KB ( <1%) committed,  1 nodes.
             Both:        1.06 GB reserved,       7.12 MB ( <1%) committed. 

Chunk freelists:
   Non-Class:  1022.00 KB
       Class:  3.23 MB
        Both:  4.23 MB

MaxMetaspaceSize: unlimited
CompressedClassSpaceSize: 1.00 GB
Initial GC threshold: 21.00 MB
Current GC threshold: 21.00 MB
CDS: off
MetaspaceReclaimPolicy: balanced
 - commit_granule_bytes: 65536.
 - commit_granule_words: 8192.
 - virtual_space_node_default_size: 8388608.
 - enlarge_chunks_in_place: 1.
 - new_chunks_are_fully_committed: 0.
 - uncommit_free_chunks: 1.
 - use_allocation_guard: 0.


Internal statistics:

num_allocs_failed_limit: 0.
num_arena_births: 8.
num_arena_deaths: 0.
num_vsnodes_births: 2.
num_vsnodes_deaths: 0.
num_space_committed: 114.
num_space_uncommitted: 0.
num_chunks_returned_to_freelist: 0.
num_chunks_taken_from_freelist: 39.
num_chunk_merges: 0.
num_chunk_splits: 16.
num_chunks_enlarged: 11.
num_inconsistent_stats: 0.

CodeCache: size=49152Kb used=2821Kb max_used=2821Kb free=46330Kb
 bounds [0x0000022a42ed0000, 0x0000022a431a0000, 0x0000022a45ed0000]
 total_blobs=691 nmethods=310 adapters=305
 compilation: enabled
              stopped_count=0, restarted_count=0
 full_count=0

Compilation events (20 events):
Event: 0.308 Thread 0x0000022a5058d7a0 nmethod 300 0x0000022a4318de10 code [0x0000022a4318dfa0, 0x0000022a4318e0e0]
Event: 0.309 Thread 0x0000022a5041eab0 nmethod 297 0x0000022a4318e190 code [0x0000022a4318e360, 0x0000022a4318e670]
Event: 0.309 Thread 0x0000022a5041eab0  302       1       jdk.internal.jimage.ImageStringsReader::unmaskedHashCode (166 bytes)
Event: 0.309 Thread 0x0000022a505899e0  303       1       java.nio.Buffer::limit (5 bytes)
Event: 0.309 Thread 0x0000022a505899e0 nmethod 303 0x0000022a4318e990 code [0x0000022a4318eb00, 0x0000022a4318ebc8]
Event: 0.309 Thread 0x0000022a5041eab0 nmethod 302 0x0000022a4318ec90 code [0x0000022a4318ee40, 0x0000022a4318f290]
Event: 0.311 Thread 0x0000022a5058d7a0  304       1       java.lang.ThreadLocal::getMap (5 bytes)
Event: 0.311 Thread 0x0000022a5058d7a0 nmethod 304 0x0000022a4318f610 code [0x0000022a4318f780, 0x0000022a4318f850]
Event: 0.311 Thread 0x0000022a505899e0  305       1       java.lang.ref.Cleaner::register (25 bytes)
Event: 0.311 Thread 0x0000022a5058d7a0  306       1       jdk.internal.ref.CleanerImpl$PhantomCleanableRef::<init> (12 bytes)
Event: 0.312 Thread 0x0000022a5041eab0  307       1       java.util.zip.Inflater::hasPendingOutput (5 bytes)
Event: 0.312 Thread 0x0000022a5058d7a0 nmethod 306 0x0000022a4318f910 code [0x0000022a4318faa0, 0x0000022a4318fbe8]
Event: 0.312 Thread 0x0000022a5041eab0 nmethod 307 0x0000022a4318fc90 code [0x0000022a4318fe00, 0x0000022a4318fed0]
Event: 0.312 Thread 0x0000022a5058d7a0  308   !   1       java.util.zip.ZipFile$ZipFileInputStream::close (59 bytes)
Event: 0.312 Thread 0x0000022a5041eab0  310       1       java.util.WeakHashMap::remove (131 bytes)
Event: 0.312 Thread 0x0000022a505899e0 nmethod 305 0x0000022a4318ff90 code [0x0000022a43190140, 0x0000022a43190458]
Event: 0.312 Thread 0x0000022a505899e0  309       1       java.util.Collections$SetFromMap::remove (19 bytes)
Event: 0.312 Thread 0x0000022a505899e0 nmethod 309 0x0000022a43190590 code [0x0000022a43190720, 0x0000022a43190828]
Event: 0.312 Thread 0x0000022a5058d7a0 nmethod 308 0x0000022a43190890 code [0x0000022a43190a40, 0x0000022a43190cb0]
Event: 0.312 Thread 0x0000022a5041eab0 nmethod 310 0x0000022a43190e90 code [0x0000022a43191060, 0x0000022a43191508]

GC Heap History (0 events):
No events

Dll operation events (6 events):
Event: 0.006 Loaded shared library C:\Users\darko\.jdks\openjdk-20\bin\java.dll
Event: 0.062 Loaded shared library C:\Users\darko\.jdks\openjdk-20\bin\jsvml.dll
Event: 0.194 Loaded shared library C:\Users\darko\.jdks\openjdk-20\bin\net.dll
Event: 0.195 Loaded shared library C:\Users\darko\.jdks\openjdk-20\bin\nio.dll
Event: 0.206 Loaded shared library C:\Users\darko\.jdks\openjdk-20\bin\zip.dll
Event: 0.306 Loaded shared library C:\Users\darko\.jdks\openjdk-20\bin\jimage.dll

Deoptimization events (0 events):
No events

Classes loaded (20 events):
Event: 0.311 Loading class sun/net/www/MessageHeader done
Event: 0.311 Loading class sun/net/www/protocol/jar/URLJarFile
Event: 0.311 Loading class sun/net/www/protocol/jar/URLJarFile done
Event: 0.312 Loading class sun/net/www/protocol/jar/URLJarFile$URLJarFileEntry
Event: 0.312 Loading class sun/net/www/protocol/jar/URLJarFile$URLJarFileEntry done
Event: 0.312 Loading class sun/net/www/protocol/jar/JarURLConnection$JarURLInputStream
Event: 0.312 Loading class sun/net/www/protocol/jar/JarURLConnection$JarURLInputStream done
Event: 0.312 Loading class java/io/BufferedReader
Event: 0.312 Loading class java/io/Reader
Event: 0.312 Loading class java/lang/Readable
Event: 0.312 Loading class java/lang/Readable done
Event: 0.312 Loading class java/io/Reader done
Event: 0.312 Loading class java/io/BufferedReader done
Event: 0.312 Loading class java/io/InputStreamReader
Event: 0.312 Loading class java/io/InputStreamReader done
Event: 0.312 Loading class sun/nio/cs/StreamDecoder
Event: 0.312 Loading class sun/nio/cs/StreamDecoder done
Event: 0.312 Loading class sun/nio/cs/UTF_8$Decoder
Event: 0.312 Loading class sun/nio/cs/UTF_8$Decoder done
Event: 0.312 Loading class java/nio/CharBuffer

Classes unloaded (0 events):
No events

Classes redefined (0 events):
No events

Internal exceptions (0 events):
No events

VM Operations (4 events):
Event: 0.211 Executing VM operation: HandshakeAllThreads
Event: 0.211 Executing VM operation: HandshakeAllThreads done
Event: 0.311 Executing VM operation: HandshakeAllThreads
Event: 0.311 Executing VM operation: HandshakeAllThreads done

Events (12 events):
Event: 0.062 Thread 0x0000022a3ae14ea0 Thread added: 0x0000022a3ae14ea0
Event: 0.106 Thread 0x0000022a5041b830 Thread added: 0x0000022a5041b830
Event: 0.106 Thread 0x0000022a5041c430 Thread added: 0x0000022a5041c430
Event: 0.108 Thread 0x0000022a504356f0 Thread added: 0x0000022a504356f0
Event: 0.108 Thread 0x0000022a50437040 Thread added: 0x0000022a50437040
Event: 0.108 Thread 0x0000022a50439990 Thread added: 0x0000022a50439990
Event: 0.108 Thread 0x0000022a5043a2d0 Thread added: 0x0000022a5043a2d0
Event: 0.108 Thread 0x0000022a5041eab0 Thread added: 0x0000022a5041eab0
Event: 0.167 Thread 0x0000022a505899e0 Thread added: 0x0000022a505899e0
Event: 0.167 Thread 0x0000022a5058d7a0 Thread added: 0x0000022a5058d7a0
Event: 0.170 Thread 0x0000022a5059dff0 Thread added: 0x0000022a5059dff0
Event: 0.176 Thread 0x0000022a505b31e0 Thread added: 0x0000022a505b31e0


Dynamic libraries:
0x00007ff794570000 - 0x00007ff79457e000 	C:\Users\darko\.jdks\openjdk-20\bin\java.exe
0x00007fffef4b0000 - 0x00007fffef6a8000 	C:\Windows\SYSTEM32\ntdll.dll
0x00007fffee200000 - 0x00007fffee2bf000 	C:\Windows\System32\KERNEL32.DLL
0x00007fffece40000 - 0x00007fffed112000 	C:\Windows\System32\KERNELBASE.dll
0x00007fffecbe0000 - 0x00007fffecce0000 	C:\Windows\System32\ucrtbase.dll
0x00007fffe53c0000 - 0x00007fffe53db000 	C:\Users\darko\.jdks\openjdk-20\bin\VCRUNTIME140.dll
0x00007fffc7130000 - 0x00007fffc7147000 	C:\Users\darko\.jdks\openjdk-20\bin\jli.dll
0x00007fffedba0000 - 0x00007fffedd41000 	C:\Windows\System32\USER32.dll
0x00007fffed240000 - 0x00007fffed262000 	C:\Windows\System32\win32u.dll
0x00007fffda570000 - 0x00007fffda80a000 	C:\Windows\WinSxS\amd64_microsoft.windows.common-controls_6595b64144ccf1df_6.0.19041.1110_none_60b5254171f9507e\COMCTL32.dll
0x00007fffed700000 - 0x00007fffed72b000 	C:\Windows\System32\GDI32.dll
0x00007fffede90000 - 0x00007fffedf2e000 	C:\Windows\System32\msvcrt.dll
0x00007fffecd30000 - 0x00007fffece3f000 	C:\Windows\System32\gdi32full.dll
0x00007fffed460000 - 0x00007fffed4fd000 	C:\Windows\System32\msvcp_win.dll
0x00007fffee3f0000 - 0x00007fffee420000 	C:\Windows\System32\IMM32.DLL
0x00007fffe82b0000 - 0x00007fffe82bc000 	C:\Users\darko\.jdks\openjdk-20\bin\vcruntime140_1.dll
0x00007fffb7b40000 - 0x00007fffb7bce000 	C:\Users\darko\.jdks\openjdk-20\bin\msvcp140.dll
0x00007fff99f00000 - 0x00007fff9ab97000 	C:\Users\darko\.jdks\openjdk-20\bin\server\jvm.dll
0x00007fffedf50000 - 0x00007fffedffe000 	C:\Windows\System32\ADVAPI32.dll
0x00007fffedde0000 - 0x00007fffede7c000 	C:\Windows\System32\sechost.dll
0x00007fffed730000 - 0x00007fffed854000 	C:\Windows\System32\RPCRT4.dll
0x00007fffe52e0000 - 0x00007fffe52ea000 	C:\Windows\SYSTEM32\VERSION.dll
0x00007fffe18a0000 - 0x00007fffe18c7000 	C:\Windows\SYSTEM32\WINMM.dll
0x00007fffd8070000 - 0x00007fffd8079000 	C:\Windows\SYSTEM32\WSOCK32.dll
0x00007fffee000000 - 0x00007fffee06b000 	C:\Windows\System32\WS2_32.dll
0x00007fffeb400000 - 0x00007fffeb412000 	C:\Windows\SYSTEM32\kernel.appcore.dll
0x00007fffe63a0000 - 0x00007fffe63aa000 	C:\Users\darko\.jdks\openjdk-20\bin\jimage.dll
0x00007fffeaa20000 - 0x00007fffeac04000 	C:\Windows\SYSTEM32\DBGHELP.DLL
0x00007fffdbbc0000 - 0x00007fffdbbf5000 	C:\Windows\SYSTEM32\dbgcore.DLL
0x00007fffed3d0000 - 0x00007fffed452000 	C:\Windows\System32\bcryptPrimitives.dll
0x00007fffc3ec0000 - 0x00007fffc3ee6000 	C:\Users\darko\.jdks\openjdk-20\bin\java.dll
0x00007fffa3ab0000 - 0x00007fffa3b87000 	C:\Users\darko\.jdks\openjdk-20\bin\jsvml.dll
0x00007fffeec70000 - 0x00007fffef3b5000 	C:\Windows\System32\SHELL32.dll
0x00007fffeac50000 - 0x00007fffeb3e2000 	C:\Windows\SYSTEM32\windows.storage.dll
0x00007fffee890000 - 0x00007fffeebe5000 	C:\Windows\System32\combase.dll
0x00007fffec530000 - 0x00007fffec560000 	C:\Windows\SYSTEM32\Wldp.dll
0x00007fffed860000 - 0x00007fffed90d000 	C:\Windows\System32\SHCORE.dll
0x00007fffed910000 - 0x00007fffed965000 	C:\Windows\System32\shlwapi.dll
0x00007fffecaf0000 - 0x00007fffecb0f000 	C:\Windows\SYSTEM32\profapi.dll
0x00007fffc7110000 - 0x00007fffc7123000 	C:\Users\darko\.jdks\openjdk-20\bin\net.dll
0x00007fffe1d20000 - 0x00007fffe1e2a000 	C:\Windows\SYSTEM32\WINHTTP.dll
0x00007fffec290000 - 0x00007fffec2fa000 	C:\Windows\system32\mswsock.dll
0x00007fffc2ee0000 - 0x00007fffc2ef6000 	C:\Users\darko\.jdks\openjdk-20\bin\nio.dll
0x00007fffc13c0000 - 0x00007fffc13d8000 	C:\Users\darko\.jdks\openjdk-20\bin\zip.dll

dbghelp: loaded successfully - version: 4.0.5 - missing functions: none
symbol engine: initialized successfully - sym options: 0x614 - pdb path: .;C:\Users\darko\.jdks\openjdk-20\bin;C:\Windows\SYSTEM32;C:\Windows\WinSxS\amd64_microsoft.windows.common-controls_6595b64144ccf1df_6.0.19041.1110_none_60b5254171f9507e;C:\Users\darko\.jdks\openjdk-20\bin\server

VM Arguments:
jvm_args: -XX:TieredStopAtLevel=1 
java_command: com.foldermaster.resth2webapp.RestH2WebApplication
java_class_path (initial): C:\Users\darko\IdeaProjects\RestH2WebApp\target\classes;C:\Users\darko\.m2\repository\org\springframework\spring-aop\6.0.7\spring-aop-6.0.7.jar;C:\Users\darko\.m2\repository\org\aspectj\aspectjweaver\1.9.19\aspectjweaver-1.9.19.jar;C:\Users\darko\.m2\repository\com\zaxxer\HikariCP\5.0.1\HikariCP-5.0.1.jar;C:\Users\darko\.m2\repository\org\springframework\spring-jdbc\6.0.7\spring-jdbc-6.0.7.jar;C:\Users\darko\.m2\repository\org\hibernate\orm\hibernate-core\6.1.7.Final\hibernate-core-6.1.7.Final.jar;C:\Users\darko\.m2\repository\jakarta\persistence\jakarta.persistence-api\3.1.0\jakarta.persistence-api-3.1.0.jar;C:\Users\darko\.m2\repository\jakarta\transaction\jakarta.transaction-api\2.0.1\jakarta.transaction-api-2.0.1.jar;C:\Users\darko\.m2\repository\org\jboss\logging\jboss-logging\3.5.0.Final\jboss-logging-3.5.0.Final.jar;C:\Users\darko\.m2\repository\org\hibernate\common\hibernate-commons-annotations\6.0.6.Final\hibernate-commons-annotations-6.0.6.Final.jar;C:\Users\darko\.m2\repository\org\jboss\jandex\2.4.2.Final\jandex-2.4.2.Final.jar;C:\Users\darko\.m2\repository\com\fasterxml\classmate\1.5.1\classmate-1.5.1.jar;C:\Users\darko\.m2\repository\net\bytebuddy\byte-buddy\1.14.2\byte-buddy-1.14.2.jar;C:\Users\darko\.m2\repository\org\glassfish\jaxb\jaxb-runtime\4.0.2\jaxb-runtime-4.0.2.jar;C:\Users\darko\.m2\repository\org\glassfish\jaxb\jaxb-core\4.0.2\jaxb-core-4.0.2.jar;C:\Users\darko\.m2\repository\org\eclipse\angus\angus-activation\2.0.0\angus-activation-2.0.0.jar;C:\Users\darko\.m2\repository\org\glassfish\jaxb\txw2\4.0.2\txw2-4.0.2.jar;C:\Users\darko\.m2\repository\com\sun\istack\istack-commons-runtime\4.1.1\istack-commons-runtime-4.1.1.jar;C:\Users\darko\.m2\repository\jakarta\inject\jakarta.inject-api\2.0.0\jakarta.inject-api-2.0.0.jar;C:\Users\darko\.m2\repository\org\antlr\antlr4-runtime\4.10.1\antlr4-runtime-4.10.1.jar;C:\Users\darko\.m2\repository\org\springframework\data\spring-data-jpa\3.1.0-M3\spring-data-jpa-3.1.0-M3.jar;C:\Users\darko\.m2\repository\org\springframework\data\spring-data-commons\3.1.0-M3\spring-data-commons-3.1.0-M3.jar;C:\Users\darko\.m2\repository\org\springframework\spring-orm\6.0.7\spring-orm-6.0.7.jar;C:\Users\darko\.m2\repository\org\springframework\spring-context\6.0.7\spring-context-6.0.7.jar;C:\Users\darko\.m2\repository\org\springframework\spring-tx\6.0.7\spring-tx-6.0.7.jar;C:\Users\darko\.m2\repository\org\springframework\spring-beans\6.0.7\spring-beans-6.0.7.jar;C:\Users\darko\.m2\repository\jakarta\annotation\jakarta.annotation-api\2.1.1\jakarta.annotation-api-2.1.1.jar;C:\Users\darko\.m2\repository\org\slf4j\slf4j-api\2.0.7\slf4j-api-2.0.7.jar;C:\Users\darko\.m2\repository\org\springframework\spring-aspects\6.0.7\spring-aspects-6.0.7.jar;C:\Users\darko\.m2\repository\org\springframework\hateoas\spring-hateoas\2.1.0-M1\spring-hateoas-2.1.0-M1.jar;C:\Users\darko\.m2\repository\org\springframework\plugin\spring-plugin-core\3.0.0\spring-plugin-core-3.0.0.jar;C:\Users\darko\.m2\repository\ch\qos\logback\logback-classic\1.4.6\logback-classic-1.4.6.jar;C:\Users\darko\.m2\repository\ch\qos\logback\logback-core\1.4.6\logback-core-1.4.6.jar;C:\Users\darko\.m2\repository\org\apache\logging\log4j\log4j-to-slf4j\2.20.0\log4j-to-slf4j-2.20.0.jar;C:\Users\darko\.m2\repository\org\apache\logging\log4j\log4j-api\2.20.0\log4j-api-2.20.0.jar;C:\Users\darko\.m2\repository\org\slf4j\jul-to-slf4j\2.0.7\jul-to-slf4j-2.0.7.jar;C:\Users\darko\.m2\repository\org\yaml\snakeyaml\1.33\snakeyaml-1.33.jar;C:\Users\darko\.m2\repository\com\fasterxml\jackson\core\jackson-databind\2.14.2\jackson-databind-2.14.2.jar;C:\Users\darko\.m2\repository\com\fasterxml\jackson\core\jackson-annotations\2.14.2\jackson-annotations-2.14.2.jar;C:\Users\darko\.m2\repository\com\fasterxml\jackson\core\jackson-core\2.14.2\jackson-core-2.14.2.jar;C:\Users\darko\.m2\repository\com\fasterxml\jackson\datatype\jackson-datatype-jdk8\2.14.2\jackson-datatype-jdk8-2.14.2.jar;C:\Users\darko\.m2\repository\com\fasterxml\jackson\datatype\jackson-datatype-jsr310\2.14.2\jackson-datatype-jsr310-2.14.2.jar;C:\Users\darko\.m2\repository\com\fasterxml\jackson\module\jackson-module-parameter-names\2.14.2\jackson-module-parameter-names-2.14.2.jar;C:\Users\darko\.m2\repository\org\apache\tomcat\embed\tomcat-embed-core\10.1.7\tomcat-embed-core-10.1.7.jar;C:\Users\darko\.m2\repository\org\apache\tomcat\embed\tomcat-embed-el\10.1.7\tomcat-embed-el-10.1.7.jar;C:\Users\darko\.m2\repository\org\apache\tomcat\embed\tomcat-embed-websocket\10.1.7\tomcat-embed-websocket-10.1.7.jar;C:\Users\darko\.m2\repository\org\springframework\spring-web\6.0.7\spring-web-6.0.7.jar;C:\Users\darko\.m2\repository\io\micrometer\micrometer-observation\1.11.0-M2\micrometer-observation-1.11.0-M2.jar;C:\Users\darko\.m2\repository\io\micrometer\micrometer-commons\1.11.0-M2\micrometer-commons-1.11.0-M2.jar;C:\Users\darko\.m2\repository\org\springframework\spring-webmvc\6.0.7\spring-webmvc-6.0.7.jar;C:\Users\darko\.m2\repository\org\springframework\spring-expression\6.0.7\spring-expression-6.0.7.jar;C:\Users\darko\.m2\repository\org\springframework\boot\spring-boot-devtools\3.1.0-M2\spring-boot-devtools-3.1.0-M2.jar;C:\Users\darko\.m2\repository\org\springframework\boot\spring-boot\3.1.0-M2\spring-boot-3.1.0-M2.jar;C:\Users\darko\.m2\repository\org\springframework\boot\spring-boot-autoconfigure\3.1.0-M2\spring-boot-autoconfigure-3.1.0-M2.jar;C:\Users\darko\.m2\repository\com\h2database\h2\2.1.214\h2-2.1.214.jar;C:\Users\darko\.m2\repository\com\jayway\jsonpath\json-path\2.7.0\json-path-2.7.0.jar;C:\Users\darko\.m2\repository\net\minidev\json-smart\2.4.10\json-smart-2.4.10.jar;C:\Users\darko\.m2\repository\net\minidev\accessors-smart\2.4.9\accessors-smart-2.4.9.jar;C:\Users\darko\.m2\repository\org\ow2\asm\asm\9.3\asm-9.3.jar;C:\Users\darko\.m2\repository\jakarta\xml\bind\jakarta.xml.bind-api\4.0.0\jakarta.xml.bind-api-4.0.0.jar;C:\Users\darko\.m2\repository\jakarta\activation\jakarta.activation-api\2.1.1\jakarta.activation-api-2.1.1.jar;C:\Users\darko\.m2\repository\org\springframework\spring-core\6.0.7\spring-core-6.0.7.jar;C:\Users\darko\.m2\repository\org\springframework\spring-jcl\6.0.7\spring-jcl-6.0.7.jar
Launcher Type: SUN_STANDARD

[Global flags]
     intx CICompilerCount                          = 4                                         {product} {ergonomic}
     uint ConcGCThreads                            = 2                                         {product} {ergonomic}
     uint G1ConcRefinementThreads                  = 8                                         {product} {ergonomic}
   size_t G1HeapRegionSize                         = 2097152                                   {product} {ergonomic}
    uintx GCDrainStackTargetSize                   = 64                                        {product} {ergonomic}
   size_t InitialHeapSize                          = 165675008                                 {product} {ergonomic}
   size_t MarkStackSize                            = 4194304                                   {product} {ergonomic}
   size_t MaxHeapSize                              = 2648702976                                {product} {ergonomic}
   size_t MaxNewSize                               = 1587544064                                {product} {ergonomic}
   size_t MinHeapDeltaBytes                        = 2097152                                   {product} {ergonomic}
   size_t MinHeapSize                              = 8388608                                   {product} {ergonomic}
    uintx NonProfiledCodeHeapSize                  = 0                                      {pd product} {ergonomic}
     bool ProfileInterpreter                       = false                                  {pd product} {command line}
    uintx ProfiledCodeHeapSize                     = 0                                      {pd product} {ergonomic}
   size_t SoftMaxHeapSize                          = 2648702976                             {manageable} {ergonomic}
     intx TieredStopAtLevel                        = 1                                         {product} {command line}
     bool UseCompressedClassPointers               = true                           {product lp64_product} {ergonomic}
     bool UseCompressedOops                        = true                           {product lp64_product} {ergonomic}
     bool UseG1GC                                  = true                                      {product} {ergonomic}
     bool UseLargePagesIndividualAllocation        = false                                  {pd product} {ergonomic}

Logging:
Log output configuration:
 #0: stdout all=warning uptime,level,tags foldmultilines=false
 #1: stderr all=off uptime,level,tags foldmultilines=false

Environment Variables:
JAVA_HOME=C:\Program Files\Android\jdk\jdk-8.0.302.8-hotspot\jdk8u302-b08
PATH=C:\Program Files\Microsoft\jdk-11.0.16.101-hotspot\bin;C:\Program Files (x86)\Common Files\Oracle\Java\javapath;C:\ProgramData\Oracle\Java\javapath;C:\Windows\system32;C:\Windows;C:\Windows\System32\Wbem;C:\Windows\System32\WindowsPowerShell\v1.0\;C:\Windows\System32\OpenSSH\;C:\Program Files\Microsoft SQL Server\150\Tools\Binn\;C:\Program Files\Microsoft SQL Server\Client SDK\ODBC\170\Tools\Binn\;C:\Program Files (x86)\IncrediBuild;C:\Program Files\dotnet\;C:\Program Files\Git\cmd;C:\Users\darko\AppData\Local\Microsoft\WindowsApps;C:\Users\darko\.dotnet\tools
USERNAME=darko
OS=Windows_NT
PROCESSOR_IDENTIFIER=AMD64 Family 23 Model 104 Stepping 1, AuthenticAMD
TMP=C:\Users\darko\AppData\Local\Temp
TEMP=C:\Users\darko\AppData\Local\Temp




---------------  S Y S T E M  ---------------

OS:
 Windows 10 , 64 bit Build 19041 (10.0.19041.2546)
OS uptime: 4 days 7:01 hours

CPU: total 8 (initial active 8) (8 cores per cpu, 2 threads per core) family 23 model 104 stepping 1 microcode 0x0, cx8, cmov, fxsr, ht, mmx, 3dnowpref, sse, sse2, sse3, ssse3, sse4a, sse4.1, sse4.2, popcnt, lzcnt, tsc, tscinvbit, avx, avx2, aes, clmul, bmi1, bmi2, adx, sha, fma, vzeroupper, clflush, clflushopt, rdtscp, rdpid, f16c

Memory: 4k page, system-wide physical 10101M (409M free)
TotalPageFile size 19013M (AvailPageFile size 3M)
current process WorkingSet (physical memory assigned to process): 37M, peak: 37M
current process commit charge ("private bytes"): 233M, peak: 233M

vm_info: OpenJDK 64-Bit Server VM (20+36-2344) for windows-amd64 JRE (20+36-2344), built on 2023-02-10T19:30:15Z by "mach5one" with MS VC++ 17.1 (VS2022)

END.
